<?xml version="1.0" encoding="UTF-8"?>
<!-- Generated by org.testng.reporters.JUnitReportReporter -->
<testsuite hostname="DESKTOP-AEGD600" failures="0" tests="1" name="github.GithubPracticeTest" time="0.009" errors="0" timestamp="2025-12-03T12:30:20 IST" skipped="0">
  <testcase classname="github.GithubPracticeTest" name="githubPracticeTest" time="0.009">
    <system-out>
      <![CDATA[Hi github]]>
    </system-out>
  </testcase> <!-- githubPracticeTest -->
  <system-out>
    <![CDATA[Hi github
Hi Jenkin
Hi maven]]>
  </system-out>
</testsuite> <!-- github.GithubPracticeTest -->
