<?xml version="1.0" encoding="UTF-8"?>
<!-- Generated by org.testng.reporters.JUnitReportReporter -->
<testsuite hostname="DESKTOP-AEGD600" failures="0" tests="1" name="jenkins.JenkinsPracticeTest" time="0.001" errors="0" timestamp="2025-12-03T12:30:20 IST" skipped="0">
  <testcase classname="jenkins.JenkinsPracticeTest" name="jenkinsPracticeTest" time="0.001">
    <system-out>
      <![CDATA[Hi Jenkin]]>
    </system-out>
  </testcase> <!-- jenkinsPracticeTest -->
  <system-out>
    <![CDATA[Hi github
Hi Jenkin
Hi maven]]>
  </system-out>
</testsuite> <!-- jenkins.JenkinsPracticeTest -->
