<?xml version="1.0" encoding="UTF-8"?>
<!-- Generated by org.testng.reporters.JUnitReportReporter -->
<testsuite hostname="DESKTOP-AEGD600" failures="0" tests="1" name="maven.MavenPracticeTest" time="0.002" errors="0" timestamp="2025-12-03T12:30:20 IST" skipped="0">
  <testcase classname="maven.MavenPracticeTest" name="mavenPracticeTest" time="0.002">
    <system-out>
      <![CDATA[Hi maven]]>
    </system-out>
  </testcase> <!-- mavenPracticeTest -->
  <system-out>
    <![CDATA[Hi github
Hi Jenkin
Hi maven]]>
  </system-out>
</testsuite> <!-- maven.MavenPracticeTest -->
